<?xml version="1.0" encoding="UTF-8"?>
<testng-results skipped="0" failed="0" total="1" passed="1">
  <reporter-output>
  </reporter-output>
  <suite name="Default suite" duration-ms="29886" started-at="2017-02-20T20:13:40Z" finished-at="2017-02-20T20:14:10Z">
    <groups>
    </groups>
    <test name="Default test" duration-ms="29886" started-at="2017-02-20T20:13:40Z" finished-at="2017-02-20T20:14:10Z">
      <class name="githubtest.AppTest">
        <test-method status="PASS" signature="test()[pri:0, instance:githubtest.AppTest@cc285f4]" name="test" duration-ms="29863" started-at="2017-02-20T15:13:40Z" finished-at="2017-02-20T15:14:10Z">
          <reporter-output>
          </reporter-output>
        </test-method> <!-- test -->
      </class> <!-- githubtest.AppTest -->
    </test> <!-- Default test -->
  </suite> <!-- Default suite -->
</testng-results>
